<?xml version="1.0" encoding="UTF-8"?>
<!-- Generated by org.testng.reporters.JUnitReportReporter -->
<testsuite hostname="LAPTOP-5AMI6I7U" failures="0" tests="1" name="testngpractice.Dummypra" time="6.026" errors="0" timestamp="2021-07-09T13:54:55 IST" skipped="0">
  <testcase classname="testngpractice.Dummypra" name="testcase5" time="6.026"/>
  <system-out/>
</testsuite> <!-- testngpractice.Dummypra -->
